Arguments: 
  C:\Program Files\nodejs\node.exe C:\Program Files (x86)\Yarn\bin\yarn.js

PATH: 
  X:\it-incubator\TODOLIST-TS\it-incubator-todolist-ts\node_modules\.bin;C:\ProgramData\DockerDesktop\version-bin;C:\Program Files\Docker\Docker\Resources\bin;C:\Program Files (x86)\Intel\Intel(R) Management Engine Components\iCLS\;C:\Program Files\Intel\Intel(R) Management Engine Components\iCLS\;C:\Windows\system32;C:\Windows;C:\Windows\System32\Wbem;C:\Windows\System32\WindowsPowerShell\v1.0\;C:\Windows\System32\OpenSSH\;C:\Program Files (x86)\Intel\Intel(R) Management Engine Components\DAL;C:\Program Files\Intel\Intel(R) Management Engine Components\DAL;C:\Program Files (x86)\NVIDIA Corporation\PhysX\Common;C:\WINDOWS\system32;C:\WINDOWS;C:\WINDOWS\System32\Wbem;C:\WINDOWS\System32\WindowsPowerShell\v1.0\;C:\WINDOWS\System32\OpenSSH\;C:\Program Files\dotnet\;C:\Program Files\Microsoft SQL Server\130\Tools\Binn\;C:\Program Files\Microsoft SQL Server\Client SDK\ODBC\170\Tools\Binn\;C:\Program Files\Microsoft SQL Server\Client SDK\ODBC\110\Tools\Binn\;C:\Program Files (x86)\Microsoft SQL Server\120\Tools\Binn\;C:\Program Files\Microsoft SQL Server\120\Tools\Binn\;C:\Program Files\Microsoft SQL Server\120\DTS\Binn\;C:\Program Files (x86)\Microsoft SQL Server\120\Tools\Binn\ManagementStudio\;C:\Program Files (x86)\Microsoft SQL Server\120\DTS\Binn\;C:\Program Files\Intel\WiFi\bin\;C:\Program Files\Common Files\Intel\WirelessCommon\;C:\Program Files\Git\cmd;C:\Program Files (x86)\Yarn\bin\;C:\Program Files\nodejs\;C:\Users\it-kamasutra\AppData\Local\Microsoft\WindowsApps;C:\Users\it-kamasutra\AppData\Local\Programs\Microsoft VS Code\bin;C:\Program Files\heroku\bin;C:\Users\it-kamasutra\AppData\Local\atom\bin;C:\Users\it-kamasutra\.dotnet\tools;C:\Users\it-kamasutra\AppData\Local\Programs\Fiddler;C:\Users\it-kamasutra\AppData\Local\Microsoft\WindowsApps;C:\Users\it-kamasutra\AppData\Local\Yarn\bin;C:\Users\it-kamasutra\AppData\Roaming\npm

Yarn version: 
  1.22.4

Node version: 
  12.18.0

Platform: 
  win32 x64

Trace: 
  SyntaxError: X:\it-incubator\TODOLIST-TS\it-incubator-todolist-ts\package.json: Unexpected string in JSON at position 1510
      at JSON.parse (<anonymous>)
      at C:\Program Files (x86)\Yarn\lib\cli.js:1625:59
      at Generator.next (<anonymous>)
      at step (C:\Program Files (x86)\Yarn\lib\cli.js:310:30)
      at C:\Program Files (x86)\Yarn\lib\cli.js:321:13

npm manifest: 
  {
    "name": "it-incubator-todolist-ts",
    "version": "0.1.0",
    "private": true,
    "dependencies": {
      "@material-ui/core": "^4.10.1",
      "@material-ui/icons": "^4.9.1",
      "@testing-library/jest-dom": "^4.2.4",
      "@testing-library/react": "^9.3.2",
      "@testing-library/user-event": "^7.1.2",
      "@types/jest": "^24.0.0",
      "@types/node": "^12.0.0",
      "@types/react": "^16.9.0",
      "@types/react-dom": "^16.9.0",
      "@types/react-redux": "^7.1.9",
      "@types/uuid": "^7.0.3",
      "react": "^16.13.1",
      "react-dom": "^16.13.1",
      "react-redux": "^7.2.0",
      "react-scripts": "3.4.1",
      "redux": "^4.0.5",
      "typescript": "~3.7.2",
      "uuid": "^8.0.0"
    },
    "scripts": {
      "start": "react-scripts start",
      "build": "react-scripts build",
      "test": "react-scripts test",
      "eject": "react-scripts eject",
      "storybook": "start-storybook -p 9009 -s public",
      "build-storybook": "build-storybook -s public"
    },
    "eslintConfig": {
      "extends": "react-app"
    },
    "browserslist": {
      "production": [
        ">0.2%",
        "not dead",
        "not op_mini all"
      ],
      "development": [
        "last 1 chrome version",
        "last 1 firefox version",
        "last 1 safari version"
      ]
    },
    "devDependencies": {
      "@storybook/addon-actions": "^5.3.19",
      "@storybook/addon-links": "^5.3.19",
      "@storybook/addon-storysource": "^5.3.19",
      "@storybook/addons": "^5.3.19",
      "@storybook/preset-create-react-app": "^3.1.3",
      "@storybook/react": "^5.3.19"
      "jest-image-snapshot": "^4.0.2",
      "jest-puppeteer": "^4.4.0",
      "puppeteer": "^5.1.0",
      "start-server-and-test": "^1.11.2"
    }
  }

yarn manifest: 
  No manifest

Lockfile: 
  No lockfile
